<?xml version="1.0" encoding="UTF-8"?>
<!-- Generated by org.testng.reporters.JUnitReportReporter -->
<testsuite skipped="0" hostname="DESKTOP-OPUQN2O" name="NewBatch_Pkg3_webelements_methods.Example1" tests="1" failures="0" timestamp="08 Sep 2018 05:32:49 GMT" time="25.439" errors="0">
  <testcase name="launch_google" time="25.439" classname="NewBatch_Pkg3_webelements_methods.Example1"/>
</testsuite> <!-- NewBatch_Pkg3_webelements_methods.Example1 -->
