<?xml version="1.0" encoding="UTF-8"?>
<!-- Generated by org.testng.reporters.JUnitReportReporter -->
<testsuite skipped="0" hostname="DESKTOP-OPUQN2O" name="Pkg10_chromeoptions.Example1" tests="1" failures="0" timestamp="12 Aug 2018 02:57:30 GMT" time="8.639" errors="0">
  <testcase name="zoho_crm_createuser" time="8.639" classname="Pkg10_chromeoptions.Example1"/>
</testsuite> <!-- Pkg10_chromeoptions.Example1 -->
