<?xml version="1.0" encoding="UTF-8"?>
<!-- Generated by org.testng.reporters.JUnitReportReporter -->
<testsuite skipped="0" hostname="DESKTOP-OPUQN2O" name="pkg2_testng_parallel_execution.Launch_Website" tests="3" failures="0" timestamp="28 Jul 2018 04:19:18 GMT" time="78.606" errors="0">
  <testcase name="launch_ebay" time="26.333" classname="pkg2_testng_parallel_execution.Launch_Website"/>
  <testcase name="launch_google" time="22.567" classname="pkg2_testng_parallel_execution.Launch_Website"/>
  <testcase name="launch_Amazon" time="29.706" classname="pkg2_testng_parallel_execution.Launch_Website"/>
</testsuite> <!-- pkg2_testng_parallel_execution.Launch_Website -->
