<?xml version="1.0" encoding="UTF-8"?>
<!-- Generated by org.testng.reporters.JUnitReportReporter -->
<testsuite skipped="0" hostname="DESKTOP-OPUQN2O" name="pkg6_mouseactions.dynamiccodeExample1" tests="1" failures="0" timestamp="05 Aug 2018 04:32:45 GMT" time="27.697" errors="0">
  <testcase name="zoho_crm_createuser" time="27.697" classname="pkg6_mouseactions.dynamiccodeExample1"/>
</testsuite> <!-- pkg6_mouseactions.dynamiccodeExample1 -->
