<?xml version="1.0" encoding="UTF-8"?>
<!-- Generated by org.testng.reporters.JUnitReportReporter -->
<testsuite skipped="0" hostname="DESKTOP-OPUQN2O" name="pkg1_basics.LaunchGoogle" tests="1" failures="0" timestamp="28 Jul 2018 03:02:37 GMT" time="36.033" errors="0">
  <testcase name="launch_Naukri_chorme_close" time="36.033" classname="pkg1_basics.LaunchGoogle"/>
</testsuite> <!-- pkg1_basics.LaunchGoogle -->
