<?xml version="1.0" encoding="UTF-8"?>
<!-- Generated by org.testng.reporters.JUnitReportReporter -->
<testsuite skipped="0" hostname="DESKTOP-OPUQN2O" name="pkg3_drivermethods.Example1" tests="1" failures="0" timestamp="28 Jul 2018 04:39:22 GMT" time="15.374" errors="0">
  <testcase name="launch_google" time="15.374" classname="pkg3_drivermethods.Example1"/>
</testsuite> <!-- pkg3_drivermethods.Example1 -->
