<?xml version="1.0" encoding="UTF-8"?>
<!-- Generated by org.testng.reporters.JUnitReportReporter -->
<testsuite skipped="0" hostname="DESKTOP-OPUQN2O" name="newbatch_pkg12_frames.example" tests="1" failures="0" timestamp="16 Sep 2018 06:38:01 GMT" time="10.795" errors="0">
  <testcase name="launch_google" time="10.795" classname="newbatch_pkg12_frames.example"/>
</testsuite> <!-- newbatch_pkg12_frames.example -->
