<?xml version="1.0" encoding="UTF-8"?>
<!-- Generated by org.testng.reporters.JUnitReportReporter -->
<testsuite skipped="0" hostname="DESKTOP-OPUQN2O" name="newbatch_pkg10_windows.newexample" tests="1" failures="0" timestamp="16 Sep 2018 06:13:38 GMT" time="19.797" errors="0">
  <testcase name="launch_google" time="19.797" classname="newbatch_pkg10_windows.newexample"/>
</testsuite> <!-- newbatch_pkg10_windows.newexample -->
