<?xml version="1.0" encoding="UTF-8"?>
<!-- Generated by org.testng.reporters.JUnitReportReporter -->
<testsuite skipped="0" hostname="DESKTOP-OPUQN2O" name="pkg13_alerts.AlertExample" tests="1" failures="0" timestamp="12 Aug 2018 04:01:28 GMT" time="5.959" errors="0">
  <testcase name="zoho_crm_createuser" time="5.959" classname="pkg13_alerts.AlertExample"/>
</testsuite> <!-- pkg13_alerts.AlertExample -->
