<?xml version="1.0" encoding="UTF-8"?>
<!-- Generated by org.testng.reporters.JUnitReportReporter -->
<testsuite skipped="0" hostname="DESKTOP-OPUQN2O" name="newbatch_pkg5_gettextgetattr.example1" tests="1" failures="0" timestamp="15 Sep 2018 05:02:17 GMT" time="11.841" errors="0">
  <testcase name="launch_google" time="11.841" classname="newbatch_pkg5_gettextgetattr.example1"/>
</testsuite> <!-- newbatch_pkg5_gettextgetattr.example1 -->
