<?xml version="1.0" encoding="UTF-8"?>
<!-- Generated by org.testng.reporters.JUnitReportReporter -->
<testsuite skipped="0" hostname="DESKTOP-OPUQN2O" name="NewBatch_Navigate.Example1" tests="1" failures="0" timestamp="08 Sep 2018 05:04:23 GMT" time="27.813" errors="0">
  <testcase name="launch_google" time="27.813" classname="NewBatch_Navigate.Example1"/>
</testsuite> <!-- NewBatch_Navigate.Example1 -->
