<?xml version="1.0" encoding="UTF-8"?>
<!-- Generated by org.testng.reporters.JUnitReportReporter -->
<testsuite skipped="0" hostname="DESKTOP-OPUQN2O" name="newbatch_pkg11_alerts.example" tests="1" failures="0" timestamp="16 Sep 2018 06:25:12 GMT" time="9.624" errors="0">
  <testcase name="launch_google" time="9.624" classname="newbatch_pkg11_alerts.example"/>
</testsuite> <!-- newbatch_pkg11_alerts.example -->
