<?xml version="1.0" encoding="UTF-8"?>
<!-- Generated by org.testng.reporters.JUnitReportReporter -->
<testsuite skipped="0" hostname="DESKTOP-OPUQN2O" name="pg9_tables.Example1" tests="1" failures="0" timestamp="11 Aug 2018 04:09:19 GMT" time="12.060" errors="0">
  <testcase name="zoho_crm_createuser" time="12.060" classname="pg9_tables.Example1"/>
</testsuite> <!-- pg9_tables.Example1 -->
