<?xml version="1.0" encoding="UTF-8"?>
<!-- Generated by org.testng.reporters.JUnitReportReporter -->
<testsuite skipped="0" hostname="DESKTOP-OPUQN2O" name="pkg6_mouseactions.Example1" tests="1" failures="0" timestamp="05 Aug 2018 04:19:50 GMT" time="25.632" errors="0">
  <testcase name="zoho_crm_createuser" time="25.632" classname="pkg6_mouseactions.Example1"/>
</testsuite> <!-- pkg6_mouseactions.Example1 -->
