<?xml version="1.0" encoding="UTF-8"?>
<!-- Generated by org.testng.reporters.JUnitReportReporter -->
<testsuite skipped="0" hostname="DESKTOP-OPUQN2O" name="newbatch_pkg11_javascript.jsexecutor" tests="1" failures="0" timestamp="22 Sep 2018 05:15:34 GMT" time="7.469" errors="0">
  <testcase name="launch_google" time="7.469" classname="newbatch_pkg11_javascript.jsexecutor"/>
</testsuite> <!-- newbatch_pkg11_javascript.jsexecutor -->
