<?xml version="1.0" encoding="UTF-8"?>
<!-- Generated by org.testng.reporters.JUnitReportReporter -->
<testsuite skipped="0" hostname="DESKTOP-OPUQN2O" name="newbatch_pkg14_chrome_options.Example1" tests="1" failures="0" timestamp="22 Sep 2018 05:38:44 GMT" time="8.050" errors="0">
  <testcase name="drivermethods1" time="8.050" classname="newbatch_pkg14_chrome_options.Example1"/>
</testsuite> <!-- newbatch_pkg14_chrome_options.Example1 -->
