<?xml version="1.0" encoding="UTF-8"?>
<!-- Generated by org.testng.reporters.JUnitReportReporter -->
<testsuite skipped="0" hostname="DESKTOP-OPUQN2O" name="pkg8_findelement.All_Element_Count" tests="1" failures="0" timestamp="12 Aug 2018 02:51:31 GMT" time="8.504" errors="0">
  <testcase name="zoho_crm_createuser" time="8.504" classname="pkg8_findelement.All_Element_Count"/>
</testsuite> <!-- pkg8_findelement.All_Element_Count -->
