<?xml version="1.0" encoding="UTF-8"?>
<!-- Generated by org.testng.reporters.JUnitReportReporter -->
<testsuite skipped="0" hostname="DESKTOP-OPUQN2O" name="newbatch_pkg7_mouseaction.Mouseaction_Example1" tests="1" failures="0" timestamp="15 Sep 2018 06:04:29 GMT" time="14.480" errors="0">
  <testcase name="launch_google" time="14.480" classname="newbatch_pkg7_mouseaction.Mouseaction_Example1"/>
</testsuite> <!-- newbatch_pkg7_mouseaction.Mouseaction_Example1 -->
