<?xml version="1.0" encoding="UTF-8"?>
<!-- Generated by org.testng.reporters.JUnitReportReporter -->
<testsuite skipped="0" hostname="DESKTOP-OPUQN2O" name="pk12_windows.windows" tests="1" failures="0" timestamp="12 Aug 2018 03:38:55 GMT" time="11.952" errors="0">
  <testcase name="zoho_crm_createuser" time="11.952" classname="pk12_windows.windows"/>
</testsuite> <!-- pk12_windows.windows -->
