<?xml version="1.0" encoding="UTF-8"?>
<!-- Generated by org.testng.reporters.JUnitReportReporter -->
<testsuite skipped="0" hostname="DESKTOP-OPUQN2O" name="pkg1_basics.Launch_google_withdriver" tests="1" failures="0" timestamp="28 Jul 2018 03:15:22 GMT" time="22.721" errors="0">
  <testcase name="launch_google_chorme" time="22.721" classname="pkg1_basics.Launch_google_withdriver"/>
</testsuite> <!-- pkg1_basics.Launch_google_withdriver -->
