<?xml version="1.0" encoding="UTF-8"?>
<!-- Generated by org.testng.reporters.JUnitReportReporter -->
<testsuite skipped="0" hostname="DESKTOP-OPUQN2O" name="pkg_jsexecutor.Example1" tests="1" failures="0" timestamp="12 Aug 2018 03:12:44 GMT" time="23.105" errors="0">
  <testcase name="zoho_crm_createuser" time="23.105" classname="pkg_jsexecutor.Example1"/>
</testsuite> <!-- pkg_jsexecutor.Example1 -->
